*** Starting uWSGI 2.0.25.1 (64bit) on [Wed May 22 16:00:10 2024] ***
compiled with version: 12.2.0 on 22 May 2024 06:24:20
os: Linux-6.6.28+rpt-rpi-v8 #1 SMP PREEMPT Debian 1:6.6.28-1+rpt1 (2024-04-22)
nodename: raspberrypi
machine: aarch64
clock source: unix
detected number of CPU cores: 4
current working directory: /home/pi/Desktop/flask
detected binary path: /home/pi/Desktop/flask/flask/bin/uwsgi
!!! no internal routing support, rebuild with pcre support !!!
your processes number limit is 29105
your memory page size is 4096 bytes
detected max file descriptor number: 1024
lock engine: pthread robust mutexes
thunder lock: disabled (you can enable it with --thunder-lock)
probably another instance of uWSGI is running on the same address (:5000).
bind(): Address already in use [core/socket.c line 769]
*** Starting uWSGI 2.0.25.1 (64bit) on [Wed May 22 16:03:21 2024] ***
compiled with version: 12.2.0 on 22 May 2024 06:24:20
os: Linux-6.6.28+rpt-rpi-v8 #1 SMP PREEMPT Debian 1:6.6.28-1+rpt1 (2024-04-22)
nodename: raspberrypi
machine: aarch64
clock source: unix
detected number of CPU cores: 4
current working directory: /home/pi/Desktop/flask
detected binary path: /home/pi/Desktop/flask/flask/bin/uwsgi
!!! no internal routing support, rebuild with pcre support !!!
your processes number limit is 29105
your memory page size is 4096 bytes
detected max file descriptor number: 1024
lock engine: pthread robust mutexes
thunder lock: disabled (you can enable it with --thunder-lock)
uWSGI http bound on :5000 fd 4
uwsgi socket 0 bound to TCP address 127.0.0.1:34985 (port auto-assigned) fd 3
Python version: 3.11.2 (main, Mar 13 2023, 12:18:29) [GCC 12.2.0]
Python main interpreter initialized at 0x7f94aafee8
python threads support enabled
your server socket listen backlog is limited to 100 connections
your mercy for graceful operations on workers is 60 seconds
mapped 416720 bytes (406 KB) for 8 cores
*** Operational MODE: preforking+threaded ***
Model loaded successfully
Memory Allocated for Model: 0 bytes
WSGI app 0 (mountpoint='') ready in 11 seconds on interpreter 0x7f94aafee8 pid: 15459 (default app)
*** uWSGI is running in multiple interpreter mode ***
spawned uWSGI master process (pid: 15459)
spawned uWSGI worker 1 (pid: 15475, cores: 2)
spawned uWSGI worker 2 (pid: 15476, cores: 2)
spawned uWSGI worker 3 (pid: 15478, cores: 2)
spawned uWSGI worker 4 (pid: 15480, cores: 2)
spawned uWSGI http 1 (pid: 15483)
[pid: 15478|app: 0|req: 1/1] 127.0.0.1 () {32 vars in 362 bytes} [Wed May 22 16:03:32 2024] POST /generate => generated 602 bytes in 4396 msecs (HTTP/1.1 200) 2 headers in 72 bytes (1 switches on core 0)
[pid: 15478|app: 0|req: 2/2] 127.0.0.1 () {32 vars in 362 bytes} [Wed May 22 16:03:40 2024] POST /generate => generated 556 bytes in 4263 msecs (HTTP/1.1 200) 2 headers in 72 bytes (1 switches on core 1)
SIGINT/SIGTERM received...killing workers...
gateway "uWSGI http 1" has been buried (pid: 15483)
Wed May 22 16:04:52 2024 - worker 1 (pid: 15475) is taking too much time to die...NO MERCY !!!
Wed May 22 16:04:52 2024 - worker 2 (pid: 15476) is taking too much time to die...NO MERCY !!!
Wed May 22 16:04:52 2024 - worker 3 (pid: 15478) is taking too much time to die...NO MERCY !!!
Wed May 22 16:04:52 2024 - worker 4 (pid: 15480) is taking too much time to die...NO MERCY !!!
worker 1 buried after 1 seconds
worker 2 buried after 1 seconds
worker 3 buried after 1 seconds
worker 4 buried after 1 seconds
goodbye to uWSGI.
*** Starting uWSGI 2.0.25.1 (64bit) on [Wed May 22 16:05:49 2024] ***
compiled with version: 12.2.0 on 22 May 2024 06:24:20
os: Linux-6.6.28+rpt-rpi-v8 #1 SMP PREEMPT Debian 1:6.6.28-1+rpt1 (2024-04-22)
nodename: raspberrypi
machine: aarch64
clock source: unix
detected number of CPU cores: 4
current working directory: /home/pi/Desktop/flask
detected binary path: /home/pi/Desktop/flask/flask/bin/uwsgi
!!! no internal routing support, rebuild with pcre support !!!
your processes number limit is 29105
your memory page size is 4096 bytes
detected max file descriptor number: 1024
lock engine: pthread robust mutexes
thunder lock: disabled (you can enable it with --thunder-lock)
uWSGI http bound on :5000 fd 4
uwsgi socket 0 bound to TCP address 127.0.0.1:36649 (port auto-assigned) fd 3
Python version: 3.11.2 (main, Mar 13 2023, 12:18:29) [GCC 12.2.0]
Python main interpreter initialized at 0x7fa609fee8
python threads support enabled
your server socket listen backlog is limited to 100 connections
your mercy for graceful operations on workers is 60 seconds
mapped 416720 bytes (406 KB) for 8 cores
*** Operational MODE: preforking+threaded ***
Model loaded successfully
Memory Allocated for Model: 0 bytes
WSGI app 0 (mountpoint='') ready in 6 seconds on interpreter 0x7fa609fee8 pid: 15725 (default app)
*** uWSGI is running in multiple interpreter mode ***
spawned uWSGI master process (pid: 15725)
spawned uWSGI worker 1 (pid: 15732, cores: 2)
spawned uWSGI worker 2 (pid: 15733, cores: 2)
spawned uWSGI worker 3 (pid: 15735, cores: 2)
spawned uWSGI worker 4 (pid: 15737, cores: 2)
spawned uWSGI http 1 (pid: 15740)
[pid: 15735|app: 0|req: 1/1] 127.0.0.1 () {32 vars in 362 bytes} [Wed May 22 16:05:55 2024] POST /generate => generated 579 bytes in 3782 msecs (HTTP/1.1 200) 2 headers in 72 bytes (1 switches on core 0)
[pid: 15735|app: 0|req: 2/2] 127.0.0.1 () {32 vars in 366 bytes} [Wed May 22 16:06:02 2024] POST /generate => generated 351 bytes in 913 msecs (HTTP/1.0 200) 2 headers in 72 bytes (1 switches on core 1)
[pid: 15735|app: 0|req: 4/3] 127.0.0.1 () {32 vars in 365 bytes} [Wed May 22 16:06:03 2024] POST /generate => generated 328 bytes in 431 msecs (HTTP/1.0 200) 2 headers in 72 bytes (1 switches on core 1)
[pid: 15735|app: 0|req: 4/4] 127.0.0.1 () {32 vars in 366 bytes} [Wed May 22 16:06:03 2024] POST /generate => generated 329 bytes in 829 msecs (HTTP/1.0 200) 2 headers in 72 bytes (1 switches on core 0)
[pid: 15737|app: 0|req: 2/5] 127.0.0.1 () {32 vars in 366 bytes} [Wed May 22 16:06:03 2024] POST /generate => generated 331 bytes in 1264 msecs (HTTP/1.0 200) 2 headers in 72 bytes (1 switches on core 0)
[pid: 15733|app: 0|req: 2/6] 127.0.0.1 () {32 vars in 366 bytes} [Wed May 22 16:06:03 2024] POST /generate => generated 394 bytes in 2755 msecs (HTTP/1.0 200) 2 headers in 72 bytes (1 switches on core 0)
[pid: 15733|app: 0|req: 2/7] 127.0.0.1 () {32 vars in 365 bytes} [Wed May 22 16:06:03 2024] POST /generate => generated 331 bytes in 3169 msecs (HTTP/1.0 200) 2 headers in 72 bytes (1 switches on core 1)
[pid: 15737|app: 0|req: 3/8] 127.0.0.1 () {32 vars in 365 bytes} [Wed May 22 16:06:03 2024] POST /generate => generated 393 bytes in 4273 msecs (HTTP/1.0 200) 2 headers in 72 bytes (1 switches on core 1)
[pid: 15735|app: 0|req: 5/9] 127.0.0.1 () {32 vars in 365 bytes} [Wed May 22 16:06:04 2024] POST /generate => generated 393 bytes in 5280 msecs (HTTP/1.0 200) 2 headers in 72 bytes (1 switches on core 1)
[pid: 15737|app: 0|req: 3/10] 127.0.0.1 () {32 vars in 365 bytes} [Wed May 22 16:06:04 2024] POST /generate => generated 329 bytes in 5273 msecs (HTTP/1.0 200) 2 headers in 72 bytes (1 switches on core 0)
[pid: 15732|app: 0|req: 1/11] 127.0.0.1 () {32 vars in 365 bytes} [Wed May 22 16:06:06 2024] POST /generate => generated 394 bytes in 5198 msecs (HTTP/1.0 200) 2 headers in 72 bytes (1 switches on core 0)
Wed May 22 16:06:13 2024 - *** PAUSE (press start to resume, if you do not have a joypad send SIGTSTP) ***
Wed May 22 16:06:13 2024 - *** worker 2 suspended ***
Wed May 22 16:06:13 2024 - *** worker 3 suspended ***
Wed May 22 16:06:14 2024 - *** (SIGTSTP received) resuming workers ***
Wed May 22 16:06:14 2024 - *** worker 3 resumed ***
Wed May 22 16:06:14 2024 - *** worker 2 resumed ***
SIGINT/SIGTERM received...killing workers...
gateway "uWSGI http 1" has been buried (pid: 15740)
Wed May 22 16:06:16 2024 - *** PAUSE (press start to resume, if you do not have a joypad send SIGTSTP) ***
Wed May 22 16:06:17 2024 - *** (SIGTSTP received) resuming workers ***
Wed May 22 16:06:17 2024 - *** PAUSE (press start to resume, if you do not have a joypad send SIGTSTP) ***
Wed May 22 16:06:17 2024 - *** (SIGTSTP received) resuming workers ***
Wed May 22 16:06:18 2024 - *** PAUSE (press start to resume, if you do not have a joypad send SIGTSTP) ***
Wed May 22 16:06:21 2024 - *** (SIGTSTP received) resuming workers ***
Wed May 22 16:06:21 2024 - *** PAUSE (press start to resume, if you do not have a joypad send SIGTSTP) ***
Wed May 22 16:06:21 2024 - *** (SIGTSTP received) resuming workers ***
Wed May 22 16:06:21 2024 - *** PAUSE (press start to resume, if you do not have a joypad send SIGTSTP) ***
Wed May 22 16:06:22 2024 - *** (SIGTSTP received) resuming workers ***
Gracefully killing worker 1 (pid: 15732)...
Gracefully killing worker 4 (pid: 15737)...
Gracefully killing worker 3 (pid: 15735)...
Gracefully killing worker 2 (pid: 15733)...
Wed May 22 16:07:16 2024 - worker 1 (pid: 15732) is taking too much time to die...NO MERCY !!!
Wed May 22 16:07:16 2024 - worker 2 (pid: 15733) is taking too much time to die...NO MERCY !!!
Wed May 22 16:07:16 2024 - worker 3 (pid: 15735) is taking too much time to die...NO MERCY !!!
Wed May 22 16:07:16 2024 - worker 4 (pid: 15737) is taking too much time to die...NO MERCY !!!
worker 1 buried after 1 seconds
worker 2 buried after 1 seconds
worker 3 buried after 1 seconds
worker 4 buried after 1 seconds
goodbye to uWSGI.
*** Starting uWSGI 2.0.25.1 (64bit) on [Wed May 22 16:08:52 2024] ***
compiled with version: 12.2.0 on 22 May 2024 06:24:20
os: Linux-6.6.28+rpt-rpi-v8 #1 SMP PREEMPT Debian 1:6.6.28-1+rpt1 (2024-04-22)
nodename: raspberrypi
machine: aarch64
clock source: unix
detected number of CPU cores: 4
current working directory: /home/pi/Desktop/flask
detected binary path: /home/pi/Desktop/flask/flask/bin/uwsgi
!!! no internal routing support, rebuild with pcre support !!!
your processes number limit is 29105
your memory page size is 4096 bytes
detected max file descriptor number: 1024
lock engine: pthread robust mutexes
thunder lock: disabled (you can enable it with --thunder-lock)
uWSGI http bound on :5000 fd 4
uwsgi socket 0 bound to TCP address 127.0.0.1:40089 (port auto-assigned) fd 3
Python version: 3.11.2 (main, Mar 13 2023, 12:18:29) [GCC 12.2.0]
Python main interpreter initialized at 0x7fab2afee8
python threads support enabled
your server socket listen backlog is limited to 100 connections
your mercy for graceful operations on workers is 60 seconds
mapped 416720 bytes (406 KB) for 8 cores
*** Operational MODE: preforking+threaded ***
Model loaded successfully
Memory Allocated for Model: 0 bytes
WSGI app 0 (mountpoint='') ready in 5 seconds on interpreter 0x7fab2afee8 pid: 16112 (default app)
*** uWSGI is running in multiple interpreter mode ***
spawned uWSGI master process (pid: 16112)
spawned uWSGI worker 1 (pid: 16118, cores: 2)
spawned uWSGI worker 2 (pid: 16120, cores: 2)
spawned uWSGI worker 3 (pid: 16122, cores: 2)
spawned uWSGI worker 4 (pid: 16124, cores: 2)
spawned uWSGI http 1 (pid: 16126)
[pid: 16124|app: 0|req: 1/1] 127.0.0.1 () {32 vars in 362 bytes} [Wed May 22 16:08:57 2024] POST /generate => generated 1253 bytes in 15542 msecs (HTTP/1.1 200) 2 headers in 73 bytes (1 switches on core 0)
SIGINT/SIGTERM received...killing workers...
gateway "uWSGI http 1" has been buried (pid: 16126)
Wed May 22 16:09:16 2024 - *** PAUSE (press start to resume, if you do not have a joypad send SIGTSTP) ***
Wed May 22 16:09:18 2024 - *** (SIGTSTP received) resuming workers ***
Wed May 22 16:10:15 2024 - worker 1 (pid: 16118) is taking too much time to die...NO MERCY !!!
Wed May 22 16:10:15 2024 - worker 2 (pid: 16120) is taking too much time to die...NO MERCY !!!
Wed May 22 16:10:15 2024 - worker 3 (pid: 16122) is taking too much time to die...NO MERCY !!!
Wed May 22 16:10:15 2024 - worker 4 (pid: 16124) is taking too much time to die...NO MERCY !!!
worker 1 buried after 1 seconds
worker 2 buried after 1 seconds
worker 3 buried after 1 seconds
worker 4 buried after 1 seconds
goodbye to uWSGI.
*** Starting uWSGI 2.0.25.1 (64bit) on [Wed May 22 16:10:52 2024] ***
compiled with version: 12.2.0 on 22 May 2024 06:24:20
os: Linux-6.6.28+rpt-rpi-v8 #1 SMP PREEMPT Debian 1:6.6.28-1+rpt1 (2024-04-22)
nodename: raspberrypi
machine: aarch64
clock source: unix
detected number of CPU cores: 4
current working directory: /home/pi/Desktop/flask
detected binary path: /home/pi/Desktop/flask/flask/bin/uwsgi
!!! no internal routing support, rebuild with pcre support !!!
your processes number limit is 29105
your memory page size is 4096 bytes
detected max file descriptor number: 1024
lock engine: pthread robust mutexes
thunder lock: disabled (you can enable it with --thunder-lock)
uWSGI http bound on :5000 fd 4
uwsgi socket 0 bound to TCP address 127.0.0.1:45041 (port auto-assigned) fd 3
Python version: 3.11.2 (main, Mar 13 2023, 12:18:29) [GCC 12.2.0]
Python main interpreter initialized at 0x7f9d33fee8
python threads support enabled
your server socket listen backlog is limited to 100 connections
your mercy for graceful operations on workers is 60 seconds
mapped 416720 bytes (406 KB) for 8 cores
*** Operational MODE: preforking+threaded ***
Model loaded successfully
Traceback (most recent call last):
  File "/home/pi/Desktop/flask/wsgi.py", line 5, in <module>
    from flaskserver import app
  File "/home/pi/Desktop/flask/flaskserver.py", line 94, in <module>
    memory_allocated_for_model = load_model_and_measure_memory(model_name)
                                 ^^^^^^^^^^^^^^^^^^^^^^^^^^^^^^^^^^^^^^^^^
  File "/home/pi/Desktop/flask/flaskserver.py", line 88, in load_model_and_measure_memory
    time.sleep(5)  # Wait for a few seconds to ensure the model is fully loaded
    ^^^^^^^^^^^^^
KeyboardInterrupt
unable to load app 0 (mountpoint='') (callable not found or import error)
*** no app loaded. going in full dynamic mode ***
*** uWSGI is running in multiple interpreter mode ***
spawned uWSGI master process (pid: 16633)
spawned uWSGI worker 1 (pid: 16644, cores: 2)
spawned uWSGI worker 2 (pid: 16646, cores: 2)
spawned uWSGI worker 3 (pid: 16648, cores: 2)
spawned uWSGI worker 4 (pid: 16650, cores: 2)
spawned uWSGI http 1 (pid: 16652)
SIGINT/SIGTERM received...killing workers...
gateway "uWSGI http 1" has been buried (pid: 16652)
worker 1 buried after 7 seconds
worker 2 buried after 7 seconds
worker 3 buried after 7 seconds
worker 4 buried after 7 seconds
goodbye to uWSGI.
